<?xml version="1.0" encoding="UTF-8"?>
<testsuite xmlns:xsi="http://www.w3.org/2001/XMLSchema-instance" xsi:noNamespaceSchemaLocation="https://maven.apache.org/surefire/maven-surefire-plugin/xsd/surefire-test-report.xsd" name="org.mec.toolchain.controller.DeleteTaskTest" time="0.023" tests="2" errors="0" skipped="0" failures="0">
  <properties>
    <property name="sun.desktop" value="windows"/>
    <property name="awt.toolkit" value="sun.awt.windows.WToolkit"/>
    <property name="file.encoding.pkg" value="sun.io"/>
    <property name="java.specification.version" value="1.8"/>
    <property name="sun.cpu.isalist" value="amd64"/>
    <property name="sun.jnu.encoding" value="Cp1252"/>
    <property name="java.class.path" value="C:\my\gitee\toolchain\target\test-classes;C:\my\gitee\toolchain\target\classes;C:\Program Files\software\apache-maven-3.5.3\maven-repository\org\springframework\boot\spring-boot-starter\2.1.9.RELEASE\spring-boot-starter-2.1.9.RELEASE.jar;C:\Program Files\software\apache-maven-3.5.3\maven-repository\org\springframework\boot\spring-boot\2.1.9.RELEASE\spring-boot-2.1.9.RELEASE.jar;C:\Program Files\software\apache-maven-3.5.3\maven-repository\org\springframework\spring-context\5.1.8.RELEASE\spring-context-5.1.8.RELEASE.jar;C:\Program Files\software\apache-maven-3.5.3\maven-repository\org\springframework\boot\spring-boot-autoconfigure\2.1.9.RELEASE\spring-boot-autoconfigure-2.1.9.RELEASE.jar;C:\Program Files\software\apache-maven-3.5.3\maven-repository\org\springframework\boot\spring-boot-starter-logging\2.1.9.RELEASE\spring-boot-starter-logging-2.1.9.RELEASE.jar;C:\Program Files\software\apache-maven-3.5.3\maven-repository\ch\qos\logback\logback-classic\1.2.3\logback-classic-1.2.3.jar;C:\Program Files\software\apache-maven-3.5.3\maven-repository\ch\qos\logback\logback-core\1.2.3\logback-core-1.2.3.jar;C:\Program Files\software\apache-maven-3.5.3\maven-repository\org\apache\logging\log4j\log4j-to-slf4j\2.11.2\log4j-to-slf4j-2.11.2.jar;C:\Program Files\software\apache-maven-3.5.3\maven-repository\org\apache\logging\log4j\log4j-api\2.11.2\log4j-api-2.11.2.jar;C:\Program Files\software\apache-maven-3.5.3\maven-repository\org\slf4j\jul-to-slf4j\1.7.28\jul-to-slf4j-1.7.28.jar;C:\Program Files\software\apache-maven-3.5.3\maven-repository\javax\annotation\javax.annotation-api\1.3.2\javax.annotation-api-1.3.2.jar;C:\Program Files\software\apache-maven-3.5.3\maven-repository\org\springframework\spring-core\5.1.10.RELEASE\spring-core-5.1.10.RELEASE.jar;C:\Program Files\software\apache-maven-3.5.3\maven-repository\org\springframework\spring-jcl\5.1.8.RELEASE\spring-jcl-5.1.8.RELEASE.jar;C:\Program Files\software\apache-maven-3.5.3\maven-repository\org\yaml\snakeyaml\1.23\snakeyaml-1.23.jar;C:\Program Files\software\apache-maven-3.5.3\maven-repository\org\springframework\boot\spring-boot-starter-web\2.1.9.RELEASE\spring-boot-starter-web-2.1.9.RELEASE.jar;C:\Program Files\software\apache-maven-3.5.3\maven-repository\org\springframework\boot\spring-boot-starter-json\2.1.9.RELEASE\spring-boot-starter-json-2.1.9.RELEASE.jar;C:\Program Files\software\apache-maven-3.5.3\maven-repository\com\fasterxml\jackson\core\jackson-databind\2.9.9\jackson-databind-2.9.9.jar;C:\Program Files\software\apache-maven-3.5.3\maven-repository\com\fasterxml\jackson\core\jackson-annotations\2.9.0\jackson-annotations-2.9.0.jar;C:\Program Files\software\apache-maven-3.5.3\maven-repository\com\fasterxml\jackson\core\jackson-core\2.9.9\jackson-core-2.9.9.jar;C:\Program Files\software\apache-maven-3.5.3\maven-repository\com\fasterxml\jackson\datatype\jackson-datatype-jdk8\2.9.9\jackson-datatype-jdk8-2.9.9.jar;C:\Program Files\software\apache-maven-3.5.3\maven-repository\com\fasterxml\jackson\datatype\jackson-datatype-jsr310\2.9.9\jackson-datatype-jsr310-2.9.9.jar;C:\Program Files\software\apache-maven-3.5.3\maven-repository\com\fasterxml\jackson\module\jackson-module-parameter-names\2.9.9\jackson-module-parameter-names-2.9.9.jar;C:\Program Files\software\apache-maven-3.5.3\maven-repository\org\hibernate\validator\hibernate-validator\6.0.17.Final\hibernate-validator-6.0.17.Final.jar;C:\Program Files\software\apache-maven-3.5.3\maven-repository\javax\validation\validation-api\2.0.1.Final\validation-api-2.0.1.Final.jar;C:\Program Files\software\apache-maven-3.5.3\maven-repository\org\jboss\logging\jboss-logging\3.3.3.Final\jboss-logging-3.3.3.Final.jar;C:\Program Files\software\apache-maven-3.5.3\maven-repository\com\fasterxml\classmate\1.4.0\classmate-1.4.0.jar;C:\Program Files\software\apache-maven-3.5.3\maven-repository\org\springframework\spring-web\5.1.8.RELEASE\spring-web-5.1.8.RELEASE.jar;C:\Program Files\software\apache-maven-3.5.3\maven-repository\org\springframework\spring-beans\5.1.8.RELEASE\spring-beans-5.1.8.RELEASE.jar;C:\Program Files\software\apache-maven-3.5.3\maven-repository\org\springframework\spring-webmvc\5.1.8.RELEASE\spring-webmvc-5.1.8.RELEASE.jar;C:\Program Files\software\apache-maven-3.5.3\maven-repository\org\springframework\spring-expression\5.1.8.RELEASE\spring-expression-5.1.8.RELEASE.jar;C:\Program Files\software\apache-maven-3.5.3\maven-repository\org\apache\servicecomb\transport-rest-servlet\1.3.0\transport-rest-servlet-1.3.0.jar;C:\Program Files\software\apache-maven-3.5.3\maven-repository\org\apache\servicecomb\transport-rest-client\1.3.0\transport-rest-client-1.3.0.jar;C:\Program Files\software\apache-maven-3.5.3\maven-repository\org\apache\servicecomb\foundation-vertx\1.3.0\foundation-vertx-1.3.0.jar;C:\Program Files\software\apache-maven-3.5.3\maven-repository\io\vertx\vertx-core\3.6.3\vertx-core-3.6.3.jar;C:\Program Files\software\apache-maven-3.5.3\maven-repository\io\netty\netty-common\4.1.36.Final\netty-common-4.1.36.Final.jar;C:\Program Files\software\apache-maven-3.5.3\maven-repository\io\netty\netty-buffer\4.1.36.Final\netty-buffer-4.1.36.Final.jar;C:\Program Files\software\apache-maven-3.5.3\maven-repository\io\netty\netty-transport\4.1.36.Final\netty-transport-4.1.36.Final.jar;C:\Program Files\software\apache-maven-3.5.3\maven-repository\io\netty\netty-handler\4.1.36.Final\netty-handler-4.1.36.Final.jar;C:\Program Files\software\apache-maven-3.5.3\maven-repository\io\netty\netty-handler-proxy\4.1.36.Final\netty-handler-proxy-4.1.36.Final.jar;C:\Program Files\software\apache-maven-3.5.3\maven-repository\io\netty\netty-codec-http\4.1.36.Final\netty-codec-http-4.1.36.Final.jar;C:\Program Files\software\apache-maven-3.5.3\maven-repository\io\netty\netty-codec-http2\4.1.36.Final\netty-codec-http2-4.1.36.Final.jar;C:\Program Files\software\apache-maven-3.5.3\maven-repository\io\netty\netty-resolver\4.1.36.Final\netty-resolver-4.1.36.Final.jar;C:\Program Files\software\apache-maven-3.5.3\maven-repository\io\netty\netty-resolver-dns\4.1.36.Final\netty-resolver-dns-4.1.36.Final.jar;C:\Program Files\software\apache-maven-3.5.3\maven-repository\io\netty\netty-codec-dns\4.1.36.Final\netty-codec-dns-4.1.36.Final.jar;C:\Program Files\software\apache-maven-3.5.3\maven-repository\io\vertx\vertx-web\3.6.3\vertx-web-3.6.3.jar;C:\Program Files\software\apache-maven-3.5.3\maven-repository\io\vertx\vertx-web-common\3.6.3\vertx-web-common-3.6.3.jar;C:\Program Files\software\apache-maven-3.5.3\maven-repository\io\vertx\vertx-auth-common\3.6.3\vertx-auth-common-3.6.3.jar;C:\Program Files\software\apache-maven-3.5.3\maven-repository\io\vertx\vertx-bridge-common\3.6.3\vertx-bridge-common-3.6.3.jar;C:\Program Files\software\apache-maven-3.5.3\maven-repository\org\apache\servicecomb\foundation-ssl\1.3.0\foundation-ssl-1.3.0.jar;C:\Program Files\software\apache-maven-3.5.3\maven-repository\commons-configuration\commons-configuration\1.10\commons-configuration-1.10.jar;C:\Program Files\software\apache-maven-3.5.3\maven-repository\commons-logging\commons-logging\1.2\commons-logging-1.2.jar;C:\Program Files\software\apache-maven-3.5.3\maven-repository\io\netty\netty-tcnative-boringssl-static\2.0.26.Final\netty-tcnative-boringssl-static-2.0.26.Final.jar;C:\Program Files\software\apache-maven-3.5.3\maven-repository\org\apache\servicecomb\foundation-common\1.3.0\foundation-common-1.3.0.jar;C:\Program Files\software\apache-maven-3.5.3\maven-repository\com\fasterxml\jackson\dataformat\jackson-dataformat-xml\2.9.9\jackson-dataformat-xml-2.9.9.jar;C:\Program Files\software\apache-maven-3.5.3\maven-repository\com\fasterxml\jackson\module\jackson-module-jaxb-annotations\2.9.9\jackson-module-jaxb-annotations-2.9.9.jar;C:\Program Files\software\apache-maven-3.5.3\maven-repository\org\codehaus\woodstox\stax2-api\3.1.4\stax2-api-3.1.4.jar;C:\Program Files\software\apache-maven-3.5.3\maven-repository\com\fasterxml\woodstox\woodstox-core\5.0.3\woodstox-core-5.0.3.jar;C:\Program Files\software\apache-maven-3.5.3\maven-repository\log4j\log4j\1.2.17\log4j-1.2.17.jar;C:\Program Files\software\apache-maven-3.5.3\maven-repository\javax\ws\rs\javax.ws.rs-api\2.0.1\javax.ws.rs-api-2.0.1.jar;C:\Program Files\software\apache-maven-3.5.3\maven-repository\commons-io\commons-io\2.6\commons-io-2.6.jar;C:\Program Files\software\apache-maven-3.5.3\maven-repository\com\google\guava\guava\26.0-jre\guava-26.0-jre.jar;C:\Program Files\software\apache-maven-3.5.3\maven-repository\org\checkerframework\checker-qual\2.5.2\checker-qual-2.5.2.jar;C:\Program Files\software\apache-maven-3.5.3\maven-repository\com\google\errorprone\error_prone_annotations\2.1.3\error_prone_annotations-2.1.3.jar;C:\Program Files\software\apache-maven-3.5.3\maven-repository\com\google\j2objc\j2objc-annotations\1.1\j2objc-annotations-1.1.jar;C:\Program Files\software\apache-maven-3.5.3\maven-repository\org\codehaus\mojo\animal-sniffer-annotations\1.14\animal-sniffer-annotations-1.14.jar;C:\Program Files\software\apache-maven-3.5.3\maven-repository\org\apache\servicecomb\transport-common\1.3.0\transport-common-1.3.0.jar;C:\Program Files\software\apache-maven-3.5.3\maven-repository\org\apache\servicecomb\foundation-config\1.3.0\foundation-config-1.3.0.jar;C:\Program Files\software\apache-maven-3.5.3\maven-repository\io\netty\netty-codec\4.1.36.Final\netty-codec-4.1.36.Final.jar;C:\Program Files\software\apache-maven-3.5.3\maven-repository\io\netty\netty-codec-socks\4.1.36.Final\netty-codec-socks-4.1.36.Final.jar;C:\Program Files\software\apache-maven-3.5.3\maven-repository\org\apache\servicecomb\common-rest\1.3.0\common-rest-1.3.0.jar;C:\Program Files\software\apache-maven-3.5.3\maven-repository\org\apache\servicecomb\java-chassis-core\1.3.0\java-chassis-core-1.3.0.jar;C:\Program Files\software\apache-maven-3.5.3\maven-repository\org\apache\servicecomb\service-registry\1.3.0\service-registry-1.3.0.jar;C:\Program Files\software\apache-maven-3.5.3\maven-repository\org\apache\servicecomb\deployment\1.3.0\deployment-1.3.0.jar;C:\Program Files\software\apache-maven-3.5.3\maven-repository\org\apache\servicecomb\swagger-invocation-core\1.3.0\swagger-invocation-core-1.3.0.jar;C:\Program Files\software\apache-maven-3.5.3\maven-repository\io\zipkin\brave\brave\5.6.0\brave-5.6.0.jar;C:\Program Files\software\apache-maven-3.5.3\maven-repository\io\zipkin\zipkin2\zipkin\2.9.3\zipkin-2.9.3.jar;C:\Program Files\software\apache-maven-3.5.3\maven-repository\io\zipkin\reporter2\zipkin-reporter\2.5.0\zipkin-reporter-2.5.0.jar;C:\Program Files\software\apache-maven-3.5.3\maven-repository\org\reactivestreams\reactive-streams\1.0.3\reactive-streams-1.0.3.jar;C:\Program Files\software\apache-maven-3.5.3\maven-repository\org\springframework\boot\spring-boot-configuration-processor\2.1.9.RELEASE\spring-boot-configuration-processor-2.1.9.RELEASE.jar;C:\Program Files\software\apache-maven-3.5.3\maven-repository\org\springframework\boot\spring-boot-starter-aop\2.1.9.RELEASE\spring-boot-starter-aop-2.1.9.RELEASE.jar;C:\Program Files\software\apache-maven-3.5.3\maven-repository\org\springframework\spring-aop\5.1.8.RELEASE\spring-aop-5.1.8.RELEASE.jar;C:\Program Files\software\apache-maven-3.5.3\maven-repository\org\aspectj\aspectjweaver\1.9.4\aspectjweaver-1.9.4.jar;C:\Program Files\software\apache-maven-3.5.3\maven-repository\org\apache\servicecomb\spring-boot2-starter-standalone\1.3.0\spring-boot2-starter-standalone-1.3.0.jar;C:\Program Files\software\apache-maven-3.5.3\maven-repository\org\apache\servicecomb\spring-boot2-starter\1.3.0\spring-boot2-starter-1.3.0.jar;C:\Program Files\software\apache-maven-3.5.3\maven-repository\org\apache\servicecomb\provider-springmvc\1.3.0\provider-springmvc-1.3.0.jar;C:\Program Files\software\apache-maven-3.5.3\maven-repository\org\apache\servicecomb\provider-rest-common\1.3.0\provider-rest-common-1.3.0.jar;C:\Program Files\software\apache-maven-3.5.3\maven-repository\org\apache\servicecomb\swagger-invocation-springmvc\1.3.0\swagger-invocation-springmvc-1.3.0.jar;C:\Program Files\software\apache-maven-3.5.3\maven-repository\com\google\inject\guice\4.2.0\guice-4.2.0.jar;C:\Program Files\software\apache-maven-3.5.3\maven-repository\aopalliance\aopalliance\1.0\aopalliance-1.0.jar;C:\Program Files\software\apache-maven-3.5.3\maven-repository\org\apache\servicecomb\swagger-generator-springmvc\1.3.0\swagger-generator-springmvc-1.3.0.jar;C:\Program Files\software\apache-maven-3.5.3\maven-repository\org\apache\servicecomb\swagger-generator-core\1.3.0\swagger-generator-core-1.3.0.jar;C:\Program Files\software\apache-maven-3.5.3\maven-repository\io\swagger\swagger-core\1.5.22\swagger-core-1.5.22.jar;C:\Program Files\software\apache-maven-3.5.3\maven-repository\com\fasterxml\jackson\dataformat\jackson-dataformat-yaml\2.9.9\jackson-dataformat-yaml-2.9.9.jar;C:\Program Files\software\apache-maven-3.5.3\maven-repository\io\swagger\swagger-models\1.5.22\swagger-models-1.5.22.jar;C:\Program Files\software\apache-maven-3.5.3\maven-repository\io\swagger\swagger-annotations\1.5.22\swagger-annotations-1.5.22.jar;C:\Program Files\software\apache-maven-3.5.3\maven-repository\org\apache\servicecomb\provider-jaxrs\1.3.0\provider-jaxrs-1.3.0.jar;C:\Program Files\software\apache-maven-3.5.3\maven-repository\org\apache\servicecomb\swagger-invocation-jaxrs\1.3.0\swagger-invocation-jaxrs-1.3.0.jar;C:\Program Files\software\apache-maven-3.5.3\maven-repository\org\apache\servicecomb\swagger-generator-jaxrs\1.3.0\swagger-generator-jaxrs-1.3.0.jar;C:\Program Files\software\apache-maven-3.5.3\maven-repository\org\apache\servicecomb\provider-pojo\1.3.0\provider-pojo-1.3.0.jar;C:\Program Files\software\apache-maven-3.5.3\maven-repository\org\apache\servicecomb\handler-bizkeeper\1.3.0\handler-bizkeeper-1.3.0.jar;C:\Program Files\software\apache-maven-3.5.3\maven-repository\com\netflix\hystrix\hystrix-core\1.5.18\hystrix-core-1.5.18.jar;C:\Program Files\software\apache-maven-3.5.3\maven-repository\org\hdrhistogram\HdrHistogram\2.1.9\HdrHistogram-2.1.9.jar;C:\Program Files\software\apache-maven-3.5.3\maven-repository\org\apache\servicecomb\foundation-metrics\1.3.0\foundation-metrics-1.3.0.jar;C:\Program Files\software\apache-maven-3.5.3\maven-repository\com\netflix\spectator\spectator-reg-servo\0.83.0\spectator-reg-servo-0.83.0.jar;C:\Program Files\software\apache-maven-3.5.3\maven-repository\com\netflix\spectator\spectator-api\0.83.0\spectator-api-0.83.0.jar;C:\Program Files\software\apache-maven-3.5.3\maven-repository\org\apache\servicecomb\handler-loadbalance\1.3.0\handler-loadbalance-1.3.0.jar;C:\Program Files\software\apache-maven-3.5.3\maven-repository\com\netflix\ribbon\ribbon\2.3.0\ribbon-2.3.0.jar;C:\Program Files\software\apache-maven-3.5.3\maven-repository\com\netflix\ribbon\ribbon-transport\2.3.0\ribbon-transport-2.3.0.jar;C:\Program Files\software\apache-maven-3.5.3\maven-repository\io\reactivex\rxnetty-contexts\0.4.9\rxnetty-contexts-0.4.9.jar;C:\Program Files\software\apache-maven-3.5.3\maven-repository\io\reactivex\rxnetty-servo\0.4.9\rxnetty-servo-0.4.9.jar;C:\Program Files\software\apache-maven-3.5.3\maven-repository\javax\inject\javax.inject\1\javax.inject-1.jar;C:\Program Files\software\apache-maven-3.5.3\maven-repository\io\reactivex\rxnetty\0.4.9\rxnetty-0.4.9.jar;C:\Program Files\software\apache-maven-3.5.3\maven-repository\com\netflix\ribbon\ribbon-loadbalancer\2.3.0\ribbon-loadbalancer-2.3.0.jar;C:\Program Files\software\apache-maven-3.5.3\maven-repository\com\netflix\netflix-commons\netflix-statistics\0.1.1\netflix-statistics-0.1.1.jar;C:\Program Files\software\apache-maven-3.5.3\maven-repository\com\netflix\servo\servo-core\0.12.21\servo-core-0.12.21.jar;C:\Program Files\software\apache-maven-3.5.3\maven-repository\com\netflix\netflix-commons\netflix-commons-util\0.3.0\netflix-commons-util-0.3.0.jar;C:\Program Files\software\apache-maven-3.5.3\maven-repository\com\netflix\ribbon\ribbon-core\2.3.0\ribbon-core-2.3.0.jar;C:\Program Files\software\apache-maven-3.5.3\maven-repository\commons-lang\commons-lang\2.6\commons-lang-2.6.jar;C:\Program Files\software\apache-maven-3.5.3\maven-repository\com\netflix\archaius\archaius-core\0.7.6\archaius-core-0.7.6.jar;C:\Program Files\software\apache-maven-3.5.3\maven-repository\com\google\code\findbugs\jsr305\3.0.2\jsr305-3.0.2.jar;C:\Program Files\software\apache-maven-3.5.3\maven-repository\io\reactivex\rxjava\1.3.8\rxjava-1.3.8.jar;C:\Program Files\software\apache-maven-3.5.3\maven-repository\org\apache\commons\commons-lang3\3.8.1\commons-lang3-3.8.1.jar;C:\Program Files\software\apache-maven-3.5.3\maven-repository\org\apache\servicecomb\handler-flowcontrol-qps\1.3.0\handler-flowcontrol-qps-1.3.0.jar;C:\Program Files\software\apache-maven-3.5.3\maven-repository\org\apache\servicecomb\transport-highway\1.3.0\transport-highway-1.3.0.jar;C:\Program Files\software\apache-maven-3.5.3\maven-repository\org\apache\servicecomb\common-protobuf\1.3.0\common-protobuf-1.3.0.jar;C:\Program Files\software\apache-maven-3.5.3\maven-repository\org\apache\servicecomb\common-javassist\1.3.0\common-javassist-1.3.0.jar;C:\Program Files\software\apache-maven-3.5.3\maven-repository\org\apache\servicecomb\foundation-protobuf\1.3.0\foundation-protobuf-1.3.0.jar;C:\Program Files\software\apache-maven-3.5.3\maven-repository\io\protostuff\protostuff-parser\2.2.25\protostuff-parser-2.2.25.jar;C:\Program Files\software\apache-maven-3.5.3\maven-repository\org\antlr\antlr4\4.7\antlr4-4.7.jar;C:\Program Files\software\apache-maven-3.5.3\maven-repository\org\antlr\antlr4-runtime\4.7\antlr4-runtime-4.7.jar;C:\Program Files\software\apache-maven-3.5.3\maven-repository\org\antlr\antlr-runtime\3.5.2\antlr-runtime-3.5.2.jar;C:\Program Files\software\apache-maven-3.5.3\maven-repository\org\antlr\ST4\4.0.8\ST4-4.0.8.jar;C:\Program Files\software\apache-maven-3.5.3\maven-repository\org\abego\treelayout\org.abego.treelayout.core\1.0.3\org.abego.treelayout.core-1.0.3.jar;C:\Program Files\software\apache-maven-3.5.3\maven-repository\org\glassfish\javax.json\1.0.4\javax.json-1.0.4.jar;C:\Program Files\software\apache-maven-3.5.3\maven-repository\com\ibm\icu\icu4j\58.2\icu4j-58.2.jar;C:\Program Files\software\apache-maven-3.5.3\maven-repository\com\google\inject\extensions\guice-multibindings\4.1.0\guice-multibindings-4.1.0.jar;C:\Program Files\software\apache-maven-3.5.3\maven-repository\com\google\inject\extensions\guice-assistedinject\4.1.0\guice-assistedinject-4.1.0.jar;C:\Program Files\software\apache-maven-3.5.3\maven-repository\io\protostuff\protostuff-runtime\1.5.9\protostuff-runtime-1.5.9.jar;C:\Program Files\software\apache-maven-3.5.3\maven-repository\io\protostuff\protostuff-api\1.5.9\protostuff-api-1.5.9.jar;C:\Program Files\software\apache-maven-3.5.3\maven-repository\io\protostuff\protostuff-collectionschema\1.5.9\protostuff-collectionschema-1.5.9.jar;C:\Program Files\software\apache-maven-3.5.3\maven-repository\io\protostuff\protostuff-core\1.5.9\protostuff-core-1.5.9.jar;C:\Program Files\software\apache-maven-3.5.3\maven-repository\com\google\protobuf\protobuf-java\3.7.1\protobuf-java-3.7.1.jar;C:\Program Files\software\apache-maven-3.5.3\maven-repository\org\apache\servicecomb\transport-rest-vertx\1.3.0\transport-rest-vertx-1.3.0.jar;C:\Program Files\software\apache-maven-3.5.3\maven-repository\javax\servlet\jstl\1.2\jstl-1.2.jar;C:\Program Files\software\apache-maven-3.5.3\maven-repository\org\apache\tomcat\embed\tomcat-embed-jasper\9.0.33\tomcat-embed-jasper-9.0.33.jar;C:\Program Files\software\apache-maven-3.5.3\maven-repository\org\apache\tomcat\embed\tomcat-embed-core\9.0.26\tomcat-embed-core-9.0.26.jar;C:\Program Files\software\apache-maven-3.5.3\maven-repository\org\apache\tomcat\tomcat-annotations-api\9.0.26\tomcat-annotations-api-9.0.26.jar;C:\Program Files\software\apache-maven-3.5.3\maven-repository\org\apache\tomcat\embed\tomcat-embed-el\9.0.26\tomcat-embed-el-9.0.26.jar;C:\Program Files\software\apache-maven-3.5.3\maven-repository\org\eclipse\jdt\ecj\3.18.0\ecj-3.18.0.jar;C:\Program Files\software\apache-maven-3.5.3\maven-repository\javax\servlet\javax.servlet-api\4.0.1\javax.servlet-api-4.0.1.jar;C:\Program Files\software\apache-maven-3.5.3\maven-repository\org\apache\httpcomponents\httpclient\4.5.10\httpclient-4.5.10.jar;C:\Program Files\software\apache-maven-3.5.3\maven-repository\org\apache\httpcomponents\httpcore\4.4.12\httpcore-4.4.12.jar;C:\Program Files\software\apache-maven-3.5.3\maven-repository\commons-codec\commons-codec\1.11\commons-codec-1.11.jar;C:\Program Files\software\apache-maven-3.5.3\maven-repository\com\spencerwi\Either.java\2.1.0\Either.java-2.1.0.jar;C:\Program Files\software\apache-maven-3.5.3\maven-repository\org\eclipse\persistence\javax.persistence\2.2.1\javax.persistence-2.2.1.jar;C:\Program Files\software\apache-maven-3.5.3\maven-repository\org\eclipse\jetty\jetty-http\9.4.27.v20200227\jetty-http-9.4.27.v20200227.jar;C:\Program Files\software\apache-maven-3.5.3\maven-repository\org\eclipse\jetty\jetty-util\9.4.19.v20190610\jetty-util-9.4.19.v20190610.jar;C:\Program Files\software\apache-maven-3.5.3\maven-repository\org\eclipse\jetty\jetty-io\9.4.19.v20190610\jetty-io-9.4.19.v20190610.jar;C:\Program Files\software\apache-maven-3.5.3\maven-repository\org\projectlombok\lombok\1.18.10\lombok-1.18.10.jar;C:\Program Files\software\apache-maven-3.5.3\maven-repository\com\google\code\gson\gson\2.8.6\gson-2.8.6.jar;C:\Program Files\software\apache-maven-3.5.3\maven-repository\org\springframework\boot\spring-boot-starter-test\2.1.9.RELEASE\spring-boot-starter-test-2.1.9.RELEASE.jar;C:\Program Files\software\apache-maven-3.5.3\maven-repository\org\springframework\boot\spring-boot-test\2.1.9.RELEASE\spring-boot-test-2.1.9.RELEASE.jar;C:\Program Files\software\apache-maven-3.5.3\maven-repository\org\springframework\boot\spring-boot-test-autoconfigure\2.1.9.RELEASE\spring-boot-test-autoconfigure-2.1.9.RELEASE.jar;C:\Program Files\software\apache-maven-3.5.3\maven-repository\com\jayway\jsonpath\json-path\2.4.0\json-path-2.4.0.jar;C:\Program Files\software\apache-maven-3.5.3\maven-repository\net\minidev\json-smart\2.3\json-smart-2.3.jar;C:\Program Files\software\apache-maven-3.5.3\maven-repository\net\minidev\accessors-smart\1.2\accessors-smart-1.2.jar;C:\Program Files\software\apache-maven-3.5.3\maven-repository\org\ow2\asm\asm\5.0.4\asm-5.0.4.jar;C:\Program Files\software\apache-maven-3.5.3\maven-repository\org\slf4j\slf4j-api\1.7.28\slf4j-api-1.7.28.jar;C:\Program Files\software\apache-maven-3.5.3\maven-repository\org\assertj\assertj-core\3.11.1\assertj-core-3.11.1.jar;C:\Program Files\software\apache-maven-3.5.3\maven-repository\org\mockito\mockito-core\2.23.4\mockito-core-2.23.4.jar;C:\Program Files\software\apache-maven-3.5.3\maven-repository\net\bytebuddy\byte-buddy\1.9.16\byte-buddy-1.9.16.jar;C:\Program Files\software\apache-maven-3.5.3\maven-repository\net\bytebuddy\byte-buddy-agent\1.9.16\byte-buddy-agent-1.9.16.jar;C:\Program Files\software\apache-maven-3.5.3\maven-repository\org\objenesis\objenesis\2.6\objenesis-2.6.jar;C:\Program Files\software\apache-maven-3.5.3\maven-repository\org\hamcrest\hamcrest-core\1.3\hamcrest-core-1.3.jar;C:\Program Files\software\apache-maven-3.5.3\maven-repository\org\hamcrest\hamcrest-library\1.3\hamcrest-library-1.3.jar;C:\Program Files\software\apache-maven-3.5.3\maven-repository\org\skyscreamer\jsonassert\1.5.0\jsonassert-1.5.0.jar;C:\Program Files\software\apache-maven-3.5.3\maven-repository\com\vaadin\external\google\android-json\0.0.20131108.vaadin1\android-json-0.0.20131108.vaadin1.jar;C:\Program Files\software\apache-maven-3.5.3\maven-repository\org\springframework\spring-test\5.1.8.RELEASE\spring-test-5.1.8.RELEASE.jar;C:\Program Files\software\apache-maven-3.5.3\maven-repository\org\xmlunit\xmlunit-core\2.6.3\xmlunit-core-2.6.3.jar;C:\Program Files\software\apache-maven-3.5.3\maven-repository\junit\junit\4.12\junit-4.12.jar;C:\Program Files\software\apache-maven-3.5.3\maven-repository\org\powermock\powermock-module-junit4\1.4.10\powermock-module-junit4-1.4.10.jar;C:\Program Files\software\apache-maven-3.5.3\maven-repository\org\powermock\powermock-module-junit4-common\1.4.10\powermock-module-junit4-common-1.4.10.jar;C:\Program Files\software\apache-maven-3.5.3\maven-repository\org\powermock\powermock-core\1.4.10\powermock-core-1.4.10.jar;C:\Program Files\software\apache-maven-3.5.3\maven-repository\org\javassist\javassist\3.24.0-GA\javassist-3.24.0-GA.jar;C:\Program Files\software\apache-maven-3.5.3\maven-repository\org\powermock\powermock-reflect\1.4.10\powermock-reflect-1.4.10.jar;C:\Program Files\software\apache-maven-3.5.3\maven-repository\org\powermock\powermock-api-mockito\1.4.10\powermock-api-mockito-1.4.10.jar;C:\Program Files\software\apache-maven-3.5.3\maven-repository\org\mockito\mockito-all\1.10.19\mockito-all-1.10.19.jar;C:\Program Files\software\apache-maven-3.5.3\maven-repository\org\powermock\powermock-api-support\1.4.10\powermock-api-support-1.4.10.jar;C:\Program Files\software\apache-maven-3.5.3\maven-repository\org\jmockit\jmockit\1.19\jmockit-1.19.jar;C:\Program Files\software\apache-maven-3.5.3\maven-repository\org\jmockit\jmockit-coverage\1.19\jmockit-coverage-1.19.jar;C:\Program Files\software\apache-maven-3.5.3\maven-repository\org\apache\commons\commons-compress\1.20\commons-compress-1.20.jar;"/>
    <property name="java.vm.vendor" value="Oracle Corporation"/>
    <property name="sun.arch.data.model" value="64"/>
    <property name="user.variant" value=""/>
    <property name="java.vendor.url" value="http://java.oracle.com/"/>
    <property name="user.timezone" value="Asia/Shanghai"/>
    <property name="java.vm.specification.version" value="1.8"/>
    <property name="os.name" value="Windows Server 2016"/>
    <property name="user.country" value="US"/>
    <property name="sun.java.launcher" value="SUN_STANDARD"/>
    <property name="sun.boot.library.path" value="C:\Program Files\Java\jdk1.8.0_161\jre\bin"/>
    <property name="sun.java.command" value="C:\Users\ADMINI~1\AppData\Local\Temp\2\surefire3951305443598259452\surefirebooter5651825373233690707.jar C:\Users\Administrator\AppData\Local\Temp\2\surefire3951305443598259452 2020-08-31T20-15-50_564-jvmRun1 surefire8174239716464876783tmp surefire_02296149097968992834tmp"/>
    <property name="surefire.test.class.path" value="C:\my\gitee\toolchain\target\test-classes;C:\my\gitee\toolchain\target\classes;C:\Program Files\software\apache-maven-3.5.3\maven-repository\org\springframework\boot\spring-boot-starter\2.1.9.RELEASE\spring-boot-starter-2.1.9.RELEASE.jar;C:\Program Files\software\apache-maven-3.5.3\maven-repository\org\springframework\boot\spring-boot\2.1.9.RELEASE\spring-boot-2.1.9.RELEASE.jar;C:\Program Files\software\apache-maven-3.5.3\maven-repository\org\springframework\spring-context\5.1.8.RELEASE\spring-context-5.1.8.RELEASE.jar;C:\Program Files\software\apache-maven-3.5.3\maven-repository\org\springframework\boot\spring-boot-autoconfigure\2.1.9.RELEASE\spring-boot-autoconfigure-2.1.9.RELEASE.jar;C:\Program Files\software\apache-maven-3.5.3\maven-repository\org\springframework\boot\spring-boot-starter-logging\2.1.9.RELEASE\spring-boot-starter-logging-2.1.9.RELEASE.jar;C:\Program Files\software\apache-maven-3.5.3\maven-repository\ch\qos\logback\logback-classic\1.2.3\logback-classic-1.2.3.jar;C:\Program Files\software\apache-maven-3.5.3\maven-repository\ch\qos\logback\logback-core\1.2.3\logback-core-1.2.3.jar;C:\Program Files\software\apache-maven-3.5.3\maven-repository\org\apache\logging\log4j\log4j-to-slf4j\2.11.2\log4j-to-slf4j-2.11.2.jar;C:\Program Files\software\apache-maven-3.5.3\maven-repository\org\apache\logging\log4j\log4j-api\2.11.2\log4j-api-2.11.2.jar;C:\Program Files\software\apache-maven-3.5.3\maven-repository\org\slf4j\jul-to-slf4j\1.7.28\jul-to-slf4j-1.7.28.jar;C:\Program Files\software\apache-maven-3.5.3\maven-repository\javax\annotation\javax.annotation-api\1.3.2\javax.annotation-api-1.3.2.jar;C:\Program Files\software\apache-maven-3.5.3\maven-repository\org\springframework\spring-core\5.1.10.RELEASE\spring-core-5.1.10.RELEASE.jar;C:\Program Files\software\apache-maven-3.5.3\maven-repository\org\springframework\spring-jcl\5.1.8.RELEASE\spring-jcl-5.1.8.RELEASE.jar;C:\Program Files\software\apache-maven-3.5.3\maven-repository\org\yaml\snakeyaml\1.23\snakeyaml-1.23.jar;C:\Program Files\software\apache-maven-3.5.3\maven-repository\org\springframework\boot\spring-boot-starter-web\2.1.9.RELEASE\spring-boot-starter-web-2.1.9.RELEASE.jar;C:\Program Files\software\apache-maven-3.5.3\maven-repository\org\springframework\boot\spring-boot-starter-json\2.1.9.RELEASE\spring-boot-starter-json-2.1.9.RELEASE.jar;C:\Program Files\software\apache-maven-3.5.3\maven-repository\com\fasterxml\jackson\core\jackson-databind\2.9.9\jackson-databind-2.9.9.jar;C:\Program Files\software\apache-maven-3.5.3\maven-repository\com\fasterxml\jackson\core\jackson-annotations\2.9.0\jackson-annotations-2.9.0.jar;C:\Program Files\software\apache-maven-3.5.3\maven-repository\com\fasterxml\jackson\core\jackson-core\2.9.9\jackson-core-2.9.9.jar;C:\Program Files\software\apache-maven-3.5.3\maven-repository\com\fasterxml\jackson\datatype\jackson-datatype-jdk8\2.9.9\jackson-datatype-jdk8-2.9.9.jar;C:\Program Files\software\apache-maven-3.5.3\maven-repository\com\fasterxml\jackson\datatype\jackson-datatype-jsr310\2.9.9\jackson-datatype-jsr310-2.9.9.jar;C:\Program Files\software\apache-maven-3.5.3\maven-repository\com\fasterxml\jackson\module\jackson-module-parameter-names\2.9.9\jackson-module-parameter-names-2.9.9.jar;C:\Program Files\software\apache-maven-3.5.3\maven-repository\org\hibernate\validator\hibernate-validator\6.0.17.Final\hibernate-validator-6.0.17.Final.jar;C:\Program Files\software\apache-maven-3.5.3\maven-repository\javax\validation\validation-api\2.0.1.Final\validation-api-2.0.1.Final.jar;C:\Program Files\software\apache-maven-3.5.3\maven-repository\org\jboss\logging\jboss-logging\3.3.3.Final\jboss-logging-3.3.3.Final.jar;C:\Program Files\software\apache-maven-3.5.3\maven-repository\com\fasterxml\classmate\1.4.0\classmate-1.4.0.jar;C:\Program Files\software\apache-maven-3.5.3\maven-repository\org\springframework\spring-web\5.1.8.RELEASE\spring-web-5.1.8.RELEASE.jar;C:\Program Files\software\apache-maven-3.5.3\maven-repository\org\springframework\spring-beans\5.1.8.RELEASE\spring-beans-5.1.8.RELEASE.jar;C:\Program Files\software\apache-maven-3.5.3\maven-repository\org\springframework\spring-webmvc\5.1.8.RELEASE\spring-webmvc-5.1.8.RELEASE.jar;C:\Program Files\software\apache-maven-3.5.3\maven-repository\org\springframework\spring-expression\5.1.8.RELEASE\spring-expression-5.1.8.RELEASE.jar;C:\Program Files\software\apache-maven-3.5.3\maven-repository\org\apache\servicecomb\transport-rest-servlet\1.3.0\transport-rest-servlet-1.3.0.jar;C:\Program Files\software\apache-maven-3.5.3\maven-repository\org\apache\servicecomb\transport-rest-client\1.3.0\transport-rest-client-1.3.0.jar;C:\Program Files\software\apache-maven-3.5.3\maven-repository\org\apache\servicecomb\foundation-vertx\1.3.0\foundation-vertx-1.3.0.jar;C:\Program Files\software\apache-maven-3.5.3\maven-repository\io\vertx\vertx-core\3.6.3\vertx-core-3.6.3.jar;C:\Program Files\software\apache-maven-3.5.3\maven-repository\io\netty\netty-common\4.1.36.Final\netty-common-4.1.36.Final.jar;C:\Program Files\software\apache-maven-3.5.3\maven-repository\io\netty\netty-buffer\4.1.36.Final\netty-buffer-4.1.36.Final.jar;C:\Program Files\software\apache-maven-3.5.3\maven-repository\io\netty\netty-transport\4.1.36.Final\netty-transport-4.1.36.Final.jar;C:\Program Files\software\apache-maven-3.5.3\maven-repository\io\netty\netty-handler\4.1.36.Final\netty-handler-4.1.36.Final.jar;C:\Program Files\software\apache-maven-3.5.3\maven-repository\io\netty\netty-handler-proxy\4.1.36.Final\netty-handler-proxy-4.1.36.Final.jar;C:\Program Files\software\apache-maven-3.5.3\maven-repository\io\netty\netty-codec-http\4.1.36.Final\netty-codec-http-4.1.36.Final.jar;C:\Program Files\software\apache-maven-3.5.3\maven-repository\io\netty\netty-codec-http2\4.1.36.Final\netty-codec-http2-4.1.36.Final.jar;C:\Program Files\software\apache-maven-3.5.3\maven-repository\io\netty\netty-resolver\4.1.36.Final\netty-resolver-4.1.36.Final.jar;C:\Program Files\software\apache-maven-3.5.3\maven-repository\io\netty\netty-resolver-dns\4.1.36.Final\netty-resolver-dns-4.1.36.Final.jar;C:\Program Files\software\apache-maven-3.5.3\maven-repository\io\netty\netty-codec-dns\4.1.36.Final\netty-codec-dns-4.1.36.Final.jar;C:\Program Files\software\apache-maven-3.5.3\maven-repository\io\vertx\vertx-web\3.6.3\vertx-web-3.6.3.jar;C:\Program Files\software\apache-maven-3.5.3\maven-repository\io\vertx\vertx-web-common\3.6.3\vertx-web-common-3.6.3.jar;C:\Program Files\software\apache-maven-3.5.3\maven-repository\io\vertx\vertx-auth-common\3.6.3\vertx-auth-common-3.6.3.jar;C:\Program Files\software\apache-maven-3.5.3\maven-repository\io\vertx\vertx-bridge-common\3.6.3\vertx-bridge-common-3.6.3.jar;C:\Program Files\software\apache-maven-3.5.3\maven-repository\org\apache\servicecomb\foundation-ssl\1.3.0\foundation-ssl-1.3.0.jar;C:\Program Files\software\apache-maven-3.5.3\maven-repository\commons-configuration\commons-configuration\1.10\commons-configuration-1.10.jar;C:\Program Files\software\apache-maven-3.5.3\maven-repository\commons-logging\commons-logging\1.2\commons-logging-1.2.jar;C:\Program Files\software\apache-maven-3.5.3\maven-repository\io\netty\netty-tcnative-boringssl-static\2.0.26.Final\netty-tcnative-boringssl-static-2.0.26.Final.jar;C:\Program Files\software\apache-maven-3.5.3\maven-repository\org\apache\servicecomb\foundation-common\1.3.0\foundation-common-1.3.0.jar;C:\Program Files\software\apache-maven-3.5.3\maven-repository\com\fasterxml\jackson\dataformat\jackson-dataformat-xml\2.9.9\jackson-dataformat-xml-2.9.9.jar;C:\Program Files\software\apache-maven-3.5.3\maven-repository\com\fasterxml\jackson\module\jackson-module-jaxb-annotations\2.9.9\jackson-module-jaxb-annotations-2.9.9.jar;C:\Program Files\software\apache-maven-3.5.3\maven-repository\org\codehaus\woodstox\stax2-api\3.1.4\stax2-api-3.1.4.jar;C:\Program Files\software\apache-maven-3.5.3\maven-repository\com\fasterxml\woodstox\woodstox-core\5.0.3\woodstox-core-5.0.3.jar;C:\Program Files\software\apache-maven-3.5.3\maven-repository\log4j\log4j\1.2.17\log4j-1.2.17.jar;C:\Program Files\software\apache-maven-3.5.3\maven-repository\javax\ws\rs\javax.ws.rs-api\2.0.1\javax.ws.rs-api-2.0.1.jar;C:\Program Files\software\apache-maven-3.5.3\maven-repository\commons-io\commons-io\2.6\commons-io-2.6.jar;C:\Program Files\software\apache-maven-3.5.3\maven-repository\com\google\guava\guava\26.0-jre\guava-26.0-jre.jar;C:\Program Files\software\apache-maven-3.5.3\maven-repository\org\checkerframework\checker-qual\2.5.2\checker-qual-2.5.2.jar;C:\Program Files\software\apache-maven-3.5.3\maven-repository\com\google\errorprone\error_prone_annotations\2.1.3\error_prone_annotations-2.1.3.jar;C:\Program Files\software\apache-maven-3.5.3\maven-repository\com\google\j2objc\j2objc-annotations\1.1\j2objc-annotations-1.1.jar;C:\Program Files\software\apache-maven-3.5.3\maven-repository\org\codehaus\mojo\animal-sniffer-annotations\1.14\animal-sniffer-annotations-1.14.jar;C:\Program Files\software\apache-maven-3.5.3\maven-repository\org\apache\servicecomb\transport-common\1.3.0\transport-common-1.3.0.jar;C:\Program Files\software\apache-maven-3.5.3\maven-repository\org\apache\servicecomb\foundation-config\1.3.0\foundation-config-1.3.0.jar;C:\Program Files\software\apache-maven-3.5.3\maven-repository\io\netty\netty-codec\4.1.36.Final\netty-codec-4.1.36.Final.jar;C:\Program Files\software\apache-maven-3.5.3\maven-repository\io\netty\netty-codec-socks\4.1.36.Final\netty-codec-socks-4.1.36.Final.jar;C:\Program Files\software\apache-maven-3.5.3\maven-repository\org\apache\servicecomb\common-rest\1.3.0\common-rest-1.3.0.jar;C:\Program Files\software\apache-maven-3.5.3\maven-repository\org\apache\servicecomb\java-chassis-core\1.3.0\java-chassis-core-1.3.0.jar;C:\Program Files\software\apache-maven-3.5.3\maven-repository\org\apache\servicecomb\service-registry\1.3.0\service-registry-1.3.0.jar;C:\Program Files\software\apache-maven-3.5.3\maven-repository\org\apache\servicecomb\deployment\1.3.0\deployment-1.3.0.jar;C:\Program Files\software\apache-maven-3.5.3\maven-repository\org\apache\servicecomb\swagger-invocation-core\1.3.0\swagger-invocation-core-1.3.0.jar;C:\Program Files\software\apache-maven-3.5.3\maven-repository\io\zipkin\brave\brave\5.6.0\brave-5.6.0.jar;C:\Program Files\software\apache-maven-3.5.3\maven-repository\io\zipkin\zipkin2\zipkin\2.9.3\zipkin-2.9.3.jar;C:\Program Files\software\apache-maven-3.5.3\maven-repository\io\zipkin\reporter2\zipkin-reporter\2.5.0\zipkin-reporter-2.5.0.jar;C:\Program Files\software\apache-maven-3.5.3\maven-repository\org\reactivestreams\reactive-streams\1.0.3\reactive-streams-1.0.3.jar;C:\Program Files\software\apache-maven-3.5.3\maven-repository\org\springframework\boot\spring-boot-configuration-processor\2.1.9.RELEASE\spring-boot-configuration-processor-2.1.9.RELEASE.jar;C:\Program Files\software\apache-maven-3.5.3\maven-repository\org\springframework\boot\spring-boot-starter-aop\2.1.9.RELEASE\spring-boot-starter-aop-2.1.9.RELEASE.jar;C:\Program Files\software\apache-maven-3.5.3\maven-repository\org\springframework\spring-aop\5.1.8.RELEASE\spring-aop-5.1.8.RELEASE.jar;C:\Program Files\software\apache-maven-3.5.3\maven-repository\org\aspectj\aspectjweaver\1.9.4\aspectjweaver-1.9.4.jar;C:\Program Files\software\apache-maven-3.5.3\maven-repository\org\apache\servicecomb\spring-boot2-starter-standalone\1.3.0\spring-boot2-starter-standalone-1.3.0.jar;C:\Program Files\software\apache-maven-3.5.3\maven-repository\org\apache\servicecomb\spring-boot2-starter\1.3.0\spring-boot2-starter-1.3.0.jar;C:\Program Files\software\apache-maven-3.5.3\maven-repository\org\apache\servicecomb\provider-springmvc\1.3.0\provider-springmvc-1.3.0.jar;C:\Program Files\software\apache-maven-3.5.3\maven-repository\org\apache\servicecomb\provider-rest-common\1.3.0\provider-rest-common-1.3.0.jar;C:\Program Files\software\apache-maven-3.5.3\maven-repository\org\apache\servicecomb\swagger-invocation-springmvc\1.3.0\swagger-invocation-springmvc-1.3.0.jar;C:\Program Files\software\apache-maven-3.5.3\maven-repository\com\google\inject\guice\4.2.0\guice-4.2.0.jar;C:\Program Files\software\apache-maven-3.5.3\maven-repository\aopalliance\aopalliance\1.0\aopalliance-1.0.jar;C:\Program Files\software\apache-maven-3.5.3\maven-repository\org\apache\servicecomb\swagger-generator-springmvc\1.3.0\swagger-generator-springmvc-1.3.0.jar;C:\Program Files\software\apache-maven-3.5.3\maven-repository\org\apache\servicecomb\swagger-generator-core\1.3.0\swagger-generator-core-1.3.0.jar;C:\Program Files\software\apache-maven-3.5.3\maven-repository\io\swagger\swagger-core\1.5.22\swagger-core-1.5.22.jar;C:\Program Files\software\apache-maven-3.5.3\maven-repository\com\fasterxml\jackson\dataformat\jackson-dataformat-yaml\2.9.9\jackson-dataformat-yaml-2.9.9.jar;C:\Program Files\software\apache-maven-3.5.3\maven-repository\io\swagger\swagger-models\1.5.22\swagger-models-1.5.22.jar;C:\Program Files\software\apache-maven-3.5.3\maven-repository\io\swagger\swagger-annotations\1.5.22\swagger-annotations-1.5.22.jar;C:\Program Files\software\apache-maven-3.5.3\maven-repository\org\apache\servicecomb\provider-jaxrs\1.3.0\provider-jaxrs-1.3.0.jar;C:\Program Files\software\apache-maven-3.5.3\maven-repository\org\apache\servicecomb\swagger-invocation-jaxrs\1.3.0\swagger-invocation-jaxrs-1.3.0.jar;C:\Program Files\software\apache-maven-3.5.3\maven-repository\org\apache\servicecomb\swagger-generator-jaxrs\1.3.0\swagger-generator-jaxrs-1.3.0.jar;C:\Program Files\software\apache-maven-3.5.3\maven-repository\org\apache\servicecomb\provider-pojo\1.3.0\provider-pojo-1.3.0.jar;C:\Program Files\software\apache-maven-3.5.3\maven-repository\org\apache\servicecomb\handler-bizkeeper\1.3.0\handler-bizkeeper-1.3.0.jar;C:\Program Files\software\apache-maven-3.5.3\maven-repository\com\netflix\hystrix\hystrix-core\1.5.18\hystrix-core-1.5.18.jar;C:\Program Files\software\apache-maven-3.5.3\maven-repository\org\hdrhistogram\HdrHistogram\2.1.9\HdrHistogram-2.1.9.jar;C:\Program Files\software\apache-maven-3.5.3\maven-repository\org\apache\servicecomb\foundation-metrics\1.3.0\foundation-metrics-1.3.0.jar;C:\Program Files\software\apache-maven-3.5.3\maven-repository\com\netflix\spectator\spectator-reg-servo\0.83.0\spectator-reg-servo-0.83.0.jar;C:\Program Files\software\apache-maven-3.5.3\maven-repository\com\netflix\spectator\spectator-api\0.83.0\spectator-api-0.83.0.jar;C:\Program Files\software\apache-maven-3.5.3\maven-repository\org\apache\servicecomb\handler-loadbalance\1.3.0\handler-loadbalance-1.3.0.jar;C:\Program Files\software\apache-maven-3.5.3\maven-repository\com\netflix\ribbon\ribbon\2.3.0\ribbon-2.3.0.jar;C:\Program Files\software\apache-maven-3.5.3\maven-repository\com\netflix\ribbon\ribbon-transport\2.3.0\ribbon-transport-2.3.0.jar;C:\Program Files\software\apache-maven-3.5.3\maven-repository\io\reactivex\rxnetty-contexts\0.4.9\rxnetty-contexts-0.4.9.jar;C:\Program Files\software\apache-maven-3.5.3\maven-repository\io\reactivex\rxnetty-servo\0.4.9\rxnetty-servo-0.4.9.jar;C:\Program Files\software\apache-maven-3.5.3\maven-repository\javax\inject\javax.inject\1\javax.inject-1.jar;C:\Program Files\software\apache-maven-3.5.3\maven-repository\io\reactivex\rxnetty\0.4.9\rxnetty-0.4.9.jar;C:\Program Files\software\apache-maven-3.5.3\maven-repository\com\netflix\ribbon\ribbon-loadbalancer\2.3.0\ribbon-loadbalancer-2.3.0.jar;C:\Program Files\software\apache-maven-3.5.3\maven-repository\com\netflix\netflix-commons\netflix-statistics\0.1.1\netflix-statistics-0.1.1.jar;C:\Program Files\software\apache-maven-3.5.3\maven-repository\com\netflix\servo\servo-core\0.12.21\servo-core-0.12.21.jar;C:\Program Files\software\apache-maven-3.5.3\maven-repository\com\netflix\netflix-commons\netflix-commons-util\0.3.0\netflix-commons-util-0.3.0.jar;C:\Program Files\software\apache-maven-3.5.3\maven-repository\com\netflix\ribbon\ribbon-core\2.3.0\ribbon-core-2.3.0.jar;C:\Program Files\software\apache-maven-3.5.3\maven-repository\commons-lang\commons-lang\2.6\commons-lang-2.6.jar;C:\Program Files\software\apache-maven-3.5.3\maven-repository\com\netflix\archaius\archaius-core\0.7.6\archaius-core-0.7.6.jar;C:\Program Files\software\apache-maven-3.5.3\maven-repository\com\google\code\findbugs\jsr305\3.0.2\jsr305-3.0.2.jar;C:\Program Files\software\apache-maven-3.5.3\maven-repository\io\reactivex\rxjava\1.3.8\rxjava-1.3.8.jar;C:\Program Files\software\apache-maven-3.5.3\maven-repository\org\apache\commons\commons-lang3\3.8.1\commons-lang3-3.8.1.jar;C:\Program Files\software\apache-maven-3.5.3\maven-repository\org\apache\servicecomb\handler-flowcontrol-qps\1.3.0\handler-flowcontrol-qps-1.3.0.jar;C:\Program Files\software\apache-maven-3.5.3\maven-repository\org\apache\servicecomb\transport-highway\1.3.0\transport-highway-1.3.0.jar;C:\Program Files\software\apache-maven-3.5.3\maven-repository\org\apache\servicecomb\common-protobuf\1.3.0\common-protobuf-1.3.0.jar;C:\Program Files\software\apache-maven-3.5.3\maven-repository\org\apache\servicecomb\common-javassist\1.3.0\common-javassist-1.3.0.jar;C:\Program Files\software\apache-maven-3.5.3\maven-repository\org\apache\servicecomb\foundation-protobuf\1.3.0\foundation-protobuf-1.3.0.jar;C:\Program Files\software\apache-maven-3.5.3\maven-repository\io\protostuff\protostuff-parser\2.2.25\protostuff-parser-2.2.25.jar;C:\Program Files\software\apache-maven-3.5.3\maven-repository\org\antlr\antlr4\4.7\antlr4-4.7.jar;C:\Program Files\software\apache-maven-3.5.3\maven-repository\org\antlr\antlr4-runtime\4.7\antlr4-runtime-4.7.jar;C:\Program Files\software\apache-maven-3.5.3\maven-repository\org\antlr\antlr-runtime\3.5.2\antlr-runtime-3.5.2.jar;C:\Program Files\software\apache-maven-3.5.3\maven-repository\org\antlr\ST4\4.0.8\ST4-4.0.8.jar;C:\Program Files\software\apache-maven-3.5.3\maven-repository\org\abego\treelayout\org.abego.treelayout.core\1.0.3\org.abego.treelayout.core-1.0.3.jar;C:\Program Files\software\apache-maven-3.5.3\maven-repository\org\glassfish\javax.json\1.0.4\javax.json-1.0.4.jar;C:\Program Files\software\apache-maven-3.5.3\maven-repository\com\ibm\icu\icu4j\58.2\icu4j-58.2.jar;C:\Program Files\software\apache-maven-3.5.3\maven-repository\com\google\inject\extensions\guice-multibindings\4.1.0\guice-multibindings-4.1.0.jar;C:\Program Files\software\apache-maven-3.5.3\maven-repository\com\google\inject\extensions\guice-assistedinject\4.1.0\guice-assistedinject-4.1.0.jar;C:\Program Files\software\apache-maven-3.5.3\maven-repository\io\protostuff\protostuff-runtime\1.5.9\protostuff-runtime-1.5.9.jar;C:\Program Files\software\apache-maven-3.5.3\maven-repository\io\protostuff\protostuff-api\1.5.9\protostuff-api-1.5.9.jar;C:\Program Files\software\apache-maven-3.5.3\maven-repository\io\protostuff\protostuff-collectionschema\1.5.9\protostuff-collectionschema-1.5.9.jar;C:\Program Files\software\apache-maven-3.5.3\maven-repository\io\protostuff\protostuff-core\1.5.9\protostuff-core-1.5.9.jar;C:\Program Files\software\apache-maven-3.5.3\maven-repository\com\google\protobuf\protobuf-java\3.7.1\protobuf-java-3.7.1.jar;C:\Program Files\software\apache-maven-3.5.3\maven-repository\org\apache\servicecomb\transport-rest-vertx\1.3.0\transport-rest-vertx-1.3.0.jar;C:\Program Files\software\apache-maven-3.5.3\maven-repository\javax\servlet\jstl\1.2\jstl-1.2.jar;C:\Program Files\software\apache-maven-3.5.3\maven-repository\org\apache\tomcat\embed\tomcat-embed-jasper\9.0.33\tomcat-embed-jasper-9.0.33.jar;C:\Program Files\software\apache-maven-3.5.3\maven-repository\org\apache\tomcat\embed\tomcat-embed-core\9.0.26\tomcat-embed-core-9.0.26.jar;C:\Program Files\software\apache-maven-3.5.3\maven-repository\org\apache\tomcat\tomcat-annotations-api\9.0.26\tomcat-annotations-api-9.0.26.jar;C:\Program Files\software\apache-maven-3.5.3\maven-repository\org\apache\tomcat\embed\tomcat-embed-el\9.0.26\tomcat-embed-el-9.0.26.jar;C:\Program Files\software\apache-maven-3.5.3\maven-repository\org\eclipse\jdt\ecj\3.18.0\ecj-3.18.0.jar;C:\Program Files\software\apache-maven-3.5.3\maven-repository\javax\servlet\javax.servlet-api\4.0.1\javax.servlet-api-4.0.1.jar;C:\Program Files\software\apache-maven-3.5.3\maven-repository\org\apache\httpcomponents\httpclient\4.5.10\httpclient-4.5.10.jar;C:\Program Files\software\apache-maven-3.5.3\maven-repository\org\apache\httpcomponents\httpcore\4.4.12\httpcore-4.4.12.jar;C:\Program Files\software\apache-maven-3.5.3\maven-repository\commons-codec\commons-codec\1.11\commons-codec-1.11.jar;C:\Program Files\software\apache-maven-3.5.3\maven-repository\com\spencerwi\Either.java\2.1.0\Either.java-2.1.0.jar;C:\Program Files\software\apache-maven-3.5.3\maven-repository\org\eclipse\persistence\javax.persistence\2.2.1\javax.persistence-2.2.1.jar;C:\Program Files\software\apache-maven-3.5.3\maven-repository\org\eclipse\jetty\jetty-http\9.4.27.v20200227\jetty-http-9.4.27.v20200227.jar;C:\Program Files\software\apache-maven-3.5.3\maven-repository\org\eclipse\jetty\jetty-util\9.4.19.v20190610\jetty-util-9.4.19.v20190610.jar;C:\Program Files\software\apache-maven-3.5.3\maven-repository\org\eclipse\jetty\jetty-io\9.4.19.v20190610\jetty-io-9.4.19.v20190610.jar;C:\Program Files\software\apache-maven-3.5.3\maven-repository\org\projectlombok\lombok\1.18.10\lombok-1.18.10.jar;C:\Program Files\software\apache-maven-3.5.3\maven-repository\com\google\code\gson\gson\2.8.6\gson-2.8.6.jar;C:\Program Files\software\apache-maven-3.5.3\maven-repository\org\springframework\boot\spring-boot-starter-test\2.1.9.RELEASE\spring-boot-starter-test-2.1.9.RELEASE.jar;C:\Program Files\software\apache-maven-3.5.3\maven-repository\org\springframework\boot\spring-boot-test\2.1.9.RELEASE\spring-boot-test-2.1.9.RELEASE.jar;C:\Program Files\software\apache-maven-3.5.3\maven-repository\org\springframework\boot\spring-boot-test-autoconfigure\2.1.9.RELEASE\spring-boot-test-autoconfigure-2.1.9.RELEASE.jar;C:\Program Files\software\apache-maven-3.5.3\maven-repository\com\jayway\jsonpath\json-path\2.4.0\json-path-2.4.0.jar;C:\Program Files\software\apache-maven-3.5.3\maven-repository\net\minidev\json-smart\2.3\json-smart-2.3.jar;C:\Program Files\software\apache-maven-3.5.3\maven-repository\net\minidev\accessors-smart\1.2\accessors-smart-1.2.jar;C:\Program Files\software\apache-maven-3.5.3\maven-repository\org\ow2\asm\asm\5.0.4\asm-5.0.4.jar;C:\Program Files\software\apache-maven-3.5.3\maven-repository\org\slf4j\slf4j-api\1.7.28\slf4j-api-1.7.28.jar;C:\Program Files\software\apache-maven-3.5.3\maven-repository\org\assertj\assertj-core\3.11.1\assertj-core-3.11.1.jar;C:\Program Files\software\apache-maven-3.5.3\maven-repository\org\mockito\mockito-core\2.23.4\mockito-core-2.23.4.jar;C:\Program Files\software\apache-maven-3.5.3\maven-repository\net\bytebuddy\byte-buddy\1.9.16\byte-buddy-1.9.16.jar;C:\Program Files\software\apache-maven-3.5.3\maven-repository\net\bytebuddy\byte-buddy-agent\1.9.16\byte-buddy-agent-1.9.16.jar;C:\Program Files\software\apache-maven-3.5.3\maven-repository\org\objenesis\objenesis\2.6\objenesis-2.6.jar;C:\Program Files\software\apache-maven-3.5.3\maven-repository\org\hamcrest\hamcrest-core\1.3\hamcrest-core-1.3.jar;C:\Program Files\software\apache-maven-3.5.3\maven-repository\org\hamcrest\hamcrest-library\1.3\hamcrest-library-1.3.jar;C:\Program Files\software\apache-maven-3.5.3\maven-repository\org\skyscreamer\jsonassert\1.5.0\jsonassert-1.5.0.jar;C:\Program Files\software\apache-maven-3.5.3\maven-repository\com\vaadin\external\google\android-json\0.0.20131108.vaadin1\android-json-0.0.20131108.vaadin1.jar;C:\Program Files\software\apache-maven-3.5.3\maven-repository\org\springframework\spring-test\5.1.8.RELEASE\spring-test-5.1.8.RELEASE.jar;C:\Program Files\software\apache-maven-3.5.3\maven-repository\org\xmlunit\xmlunit-core\2.6.3\xmlunit-core-2.6.3.jar;C:\Program Files\software\apache-maven-3.5.3\maven-repository\junit\junit\4.12\junit-4.12.jar;C:\Program Files\software\apache-maven-3.5.3\maven-repository\org\powermock\powermock-module-junit4\1.4.10\powermock-module-junit4-1.4.10.jar;C:\Program Files\software\apache-maven-3.5.3\maven-repository\org\powermock\powermock-module-junit4-common\1.4.10\powermock-module-junit4-common-1.4.10.jar;C:\Program Files\software\apache-maven-3.5.3\maven-repository\org\powermock\powermock-core\1.4.10\powermock-core-1.4.10.jar;C:\Program Files\software\apache-maven-3.5.3\maven-repository\org\javassist\javassist\3.24.0-GA\javassist-3.24.0-GA.jar;C:\Program Files\software\apache-maven-3.5.3\maven-repository\org\powermock\powermock-reflect\1.4.10\powermock-reflect-1.4.10.jar;C:\Program Files\software\apache-maven-3.5.3\maven-repository\org\powermock\powermock-api-mockito\1.4.10\powermock-api-mockito-1.4.10.jar;C:\Program Files\software\apache-maven-3.5.3\maven-repository\org\mockito\mockito-all\1.10.19\mockito-all-1.10.19.jar;C:\Program Files\software\apache-maven-3.5.3\maven-repository\org\powermock\powermock-api-support\1.4.10\powermock-api-support-1.4.10.jar;C:\Program Files\software\apache-maven-3.5.3\maven-repository\org\jmockit\jmockit\1.19\jmockit-1.19.jar;C:\Program Files\software\apache-maven-3.5.3\maven-repository\org\jmockit\jmockit-coverage\1.19\jmockit-coverage-1.19.jar;C:\Program Files\software\apache-maven-3.5.3\maven-repository\org\apache\commons\commons-compress\1.20\commons-compress-1.20.jar;"/>
    <property name="sun.cpu.endian" value="little"/>
    <property name="user.home" value="C:\Users\Administrator"/>
    <property name="user.language" value="en"/>
    <property name="java.specification.vendor" value="Oracle Corporation"/>
    <property name="java.home" value="C:\Program Files\Java\jdk1.8.0_161\jre"/>
    <property name="basedir" value="C:\my\gitee\toolchain"/>
    <property name="file.separator" value="\"/>
    <property name="line.separator" value="&#10;"/>
    <property name="java.vm.specification.vendor" value="Oracle Corporation"/>
    <property name="java.specification.name" value="Java Platform API Specification"/>
    <property name="java.awt.graphicsenv" value="sun.awt.Win32GraphicsEnvironment"/>
    <property name="surefire.real.class.path" value="C:\Users\ADMINI~1\AppData\Local\Temp\2\surefire3951305443598259452\surefirebooter5651825373233690707.jar"/>
    <property name="sun.boot.class.path" value="C:\Program Files\Java\jdk1.8.0_161\jre\lib\resources.jar;C:\Program Files\Java\jdk1.8.0_161\jre\lib\rt.jar;C:\Program Files\Java\jdk1.8.0_161\jre\lib\sunrsasign.jar;C:\Program Files\Java\jdk1.8.0_161\jre\lib\jsse.jar;C:\Program Files\Java\jdk1.8.0_161\jre\lib\jce.jar;C:\Program Files\Java\jdk1.8.0_161\jre\lib\charsets.jar;C:\Program Files\Java\jdk1.8.0_161\jre\lib\jfr.jar;C:\Program Files\Java\jdk1.8.0_161\jre\classes"/>
    <property name="user.script" value=""/>
    <property name="sun.management.compiler" value="HotSpot 64-Bit Tiered Compilers"/>
    <property name="java.runtime.version" value="1.8.0_161-b12"/>
    <property name="user.name" value="Administrator"/>
    <property name="path.separator" value=";"/>
    <property name="os.version" value="10.0"/>
    <property name="java.endorsed.dirs" value="C:\Program Files\Java\jdk1.8.0_161\jre\lib\endorsed"/>
    <property name="java.runtime.name" value="Java(TM) SE Runtime Environment"/>
    <property name="file.encoding" value="Cp1252"/>
    <property name="java.vm.name" value="Java HotSpot(TM) 64-Bit Server VM"/>
    <property name="localRepository" value="C:\Program Files\software\apache-maven-3.5.3\maven-repository"/>
    <property name="java.vendor.url.bug" value="http://bugreport.sun.com/bugreport/"/>
    <property name="java.io.tmpdir" value="C:\Users\ADMINI~1\AppData\Local\Temp\2\"/>
    <property name="java.version" value="1.8.0_161"/>
    <property name="user.dir" value="C:\my\gitee\toolchain"/>
    <property name="os.arch" value="amd64"/>
    <property name="java.vm.specification.name" value="Java Virtual Machine Specification"/>
    <property name="java.awt.printerjob" value="sun.awt.windows.WPrinterJob"/>
    <property name="idea.version2019.3.1" value="true"/>
    <property name="sun.os.patch.level" value=""/>
    <property name="java.library.path" value="C:\Program Files\Java\jdk1.8.0_161\jre\bin;C:\Windows\Sun\Java\bin;C:\Windows\system32;C:\Windows;C:\Program Files (x86)\NetSarang\Xshell 6\;C:\Program Files\Python36\Scripts\;C:\Program Files\Python36\;C:\ProgramData\Oracle\Java\javapath;C:\Windows\system32;C:\Windows;C:\Windows\System32\Wbem;C:\Windows\System32\WindowsPowerShell\v1.0\;C:\Program Files\PuTTY\;C:\Program Files\software\;C:\Program Files\software\tortoisegit\bin;C:\Program Files\Git\cmd;C:\Program Files\Python37;C:\Program Files\Redis\;C:\Program Files\software\nodejs\;C:\Program Files (x86)\go\bin;C:\Program Files\go\bin;C:\Users\Administrator\AppData\Local\Microsoft\WindowsApps;;C:\Program Files\software\IntelliJ IDEA Community Edition 2019.2.4\bin;;C:\Program Files\JetBrains\PyCharm Community Edition 2019.2.4\bin;;C:\Program Files\software\apache-maven-3.5.3/bin;C:\Users\Administrator\AppData\Roaming\npm;C:\Program Files\software\nodejs;C:\Users\Administrator\go\bin;C:\Program Files\JetBrains\GoLand 2020.1.3\bin;;C:\Users\Administrator\AppData\Local\Programs\Microsoft VS Code\bin;."/>
    <property name="java.vm.info" value="mixed mode"/>
    <property name="java.vendor" value="Oracle Corporation"/>
    <property name="java.vm.version" value="25.161-b12"/>
    <property name="java.ext.dirs" value="C:\Program Files\Java\jdk1.8.0_161\jre\lib\ext;C:\Windows\Sun\Java\lib\ext"/>
    <property name="sun.io.unicode.encoding" value="UnicodeLittle"/>
    <property name="maven.repo.local" value="C:\Program Files\software\apache-maven-3.5.3\maven-repository"/>
    <property name="java.class.version" value="52.0"/>
  </properties>
  <testcase name="testDeleteTaskFail" classname="org.mec.toolchain.controller.DeleteTaskTest" time="0.011"/>
  <testcase name="initTest" classname="org.mec.toolchain.controller.DeleteTaskTest" time="0"/>
</testsuite>